<?xml version="1.0" encoding="UTF-8"?>
<testng-results skipped="0" failed="0" ignored="0" total="1" passed="1">
  <reporter-output>
  </reporter-output>
  <suite name="Default suite" duration-ms="1914" started-at="2019-08-02T11:26:46Z" finished-at="2019-08-02T11:26:48Z">
    <groups>
    </groups>
    <test name="Default test" duration-ms="1914" started-at="2019-08-02T11:26:46Z" finished-at="2019-08-02T11:26:48Z">
      <class name="authentication.AuthenticationBasics">
        <test-method status="PASS" signature="AuthenticationBasic()[pri:0, instance:authentication.AuthenticationBasics@14acaea5]" name="AuthenticationBasic" duration-ms="1897" started-at="2019-08-02T11:26:46Z" finished-at="2019-08-02T11:26:48Z">
          <reporter-output>
          </reporter-output>
        </test-method> <!-- AuthenticationBasic -->
      </class> <!-- authentication.AuthenticationBasics -->
    </test> <!-- Default test -->
  </suite> <!-- Default suite -->
</testng-results>
